  32.cpp
C:\Users\Оксана\Desktop\с++\32\packages\Assimp.3.0.0\build\native\include\assimp\quaternion.inl(207,15): warning C4244: =: преобразование "double" в "TReal", возможна потеря данных
          with
          [
              TReal=float
          ]
C:\Users\Оксана\Desktop\с++\32\packages\Assimp.3.0.0\build\native\include\assimp\quaternion.inl(186,1): message : во время компиляции функции-члена класс шаблон "void aiQuaterniont<float>::Interpolate(aiQuaterniont<float> &,const aiQuaterniont<float> &,const aiQuaterniont<float> &,TReal)"
          with
          [
              TReal=float
          ]
C:\Users\Оксана\Desktop\с++\32\packages\Assimp.3.0.0\build\native\include\assimp\anim.h(435,28): message : выполняется компиляция ссылки на экземпляр шаблон функции "void aiQuaterniont<float>::Interpolate(aiQuaterniont<float> &,const aiQuaterniont<float> &,const aiQuaterniont<float> &,TReal)"
          with
          [
              TReal=float
          ]
C:\Users\Оксана\Desktop\с++\32\packages\Assimp.3.0.0\build\native\include\assimp\anim.h(107,24): message : выполняется компиляция ссылки на экземпляр класс шаблон функции "aiQuaterniont<float>"
C:\Users\Оксана\Desktop\с++\32\packages\Assimp.3.0.0\build\native\include\assimp\quaternion.inl(208,14): warning C4244: =: преобразование "double" в "TReal", возможна потеря данных
          with
          [
              TReal=float
          ]
C:\Users\Оксана\Desktop\с++\32\packages\Assimp.3.0.0\build\native\include\assimp\quaternion.inl(209,61): warning C4244: =: преобразование "double" в "TReal", возможна потеря данных
          with
          [
              TReal=float
          ]
C:\Users\Оксана\Desktop\с++\32\packages\Assimp.3.0.0\build\native\include\assimp\quaternion.inl(210,33): warning C4244: =: преобразование "double" в "TReal", возможна потеря данных
          with
          [
              TReal=float
          ]
C:\Users\Оксана\Desktop\с++\32\packages\Assimp.3.0.0\build\native\include\assimp\vector3.inl(93,13): warning C4244: return: преобразование "double" в "TReal", возможна потеря данных
          with
          [
              TReal=float
          ]
C:\Users\Оксана\Desktop\с++\32\packages\Assimp.3.0.0\build\native\include\assimp\vector3.inl(92,57): message : во время компиляции функции-члена класс шаблон "TReal aiVector3t<TReal>::Length(void) const"
          with
          [
              TReal=float
          ]
C:\Users\Оксана\Desktop\с++\32\packages\Assimp.3.0.0\build\native\include\assimp\vector3.inl(98,8): message : выполняется компиляция ссылки на экземпляр шаблон функции "TReal aiVector3t<TReal>::Length(void) const"
          with
          [
              TReal=float
          ]
C:\Users\Оксана\Desktop\с++\32\packages\Assimp.3.0.0\build\native\include\assimp\vector3.inl(142,91): message : во время компиляции функции-члена класс шаблон "bool aiVector3t<float>::operator ==(const aiVector3t<float> &) const"
C:\Users\Оксана\Desktop\с++\32\packages\Assimp.3.0.0\build\native\include\assimp\anim.h(82,3): message : выполняется компиляция ссылки на экземпляр шаблон функции "bool aiVector3t<float>::operator ==(const aiVector3t<float> &) const"
C:\Users\Оксана\Desktop\с++\32\packages\Assimp.3.0.0\build\native\include\assimp\types.h(150,22): message : выполняется компиляция ссылки на экземпляр класс шаблон функции "aiVector3t<float>"
  32.vcxproj -> C:\Users\Оксана\Desktop\с++\32\x64\Debug\32.exe
