  33.cpp
C:\Users\Оксана\Desktop\с++\33\Camera.h(116,35): warning C4244: =: преобразование "double" в "float", возможна потеря данных
C:\Users\Оксана\Desktop\с++\33\Camera.h(118,35): warning C4244: =: преобразование "double" в "float", возможна потеря данных
C:\Users\Оксана\Desktop\с++\33\Camera.h(122,28): warning C4244: =: преобразование "double" в "float", возможна потеря данных
C:\Users\Оксана\Desktop\с++\33\Camera.h(124,34): warning C4244: =: преобразование "double" в "float", возможна потеря данных
C:\Users\Оксана\Desktop\с++\33\Camera.h(127,20): warning C4244: =: преобразование "double" в "float", возможна потеря данных
C:\Users\Оксана\Desktop\с++\33\Technique.h(79,1): warning C4267: =: преобразование из "size_t" в "GLint"; возможна потеря данных
C:\Users\Оксана\Desktop\с++\33\33.cpp(202,15): warning C4244: аргумент: преобразование "time_t" в "unsigned int", возможна потеря данных
C:\Users\Оксана\Desktop\с++\33\packages\Assimp.3.0.0\build\native\include\assimp\quaternion.inl(207,15): warning C4244: =: преобразование "double" в "TReal", возможна потеря данных
          with
          [
              TReal=float
          ]
C:\Users\Оксана\Desktop\с++\33\packages\Assimp.3.0.0\build\native\include\assimp\quaternion.inl(186,1): message : во время компиляции функции-члена класс шаблон "void aiQuaterniont<float>::Interpolate(aiQuaterniont<float> &,const aiQuaterniont<float> &,const aiQuaterniont<float> &,TReal)"
          with
          [
              TReal=float
          ]
C:\Users\Оксана\Desktop\с++\33\packages\Assimp.3.0.0\build\native\include\assimp\anim.h(435,28): message : выполняется компиляция ссылки на экземпляр шаблон функции "void aiQuaterniont<float>::Interpolate(aiQuaterniont<float> &,const aiQuaterniont<float> &,const aiQuaterniont<float> &,TReal)"
          with
          [
              TReal=float
          ]
C:\Users\Оксана\Desktop\с++\33\packages\Assimp.3.0.0\build\native\include\assimp\anim.h(107,24): message : выполняется компиляция ссылки на экземпляр класс шаблон функции "aiQuaterniont<float>"
C:\Users\Оксана\Desktop\с++\33\packages\Assimp.3.0.0\build\native\include\assimp\quaternion.inl(208,14): warning C4244: =: преобразование "double" в "TReal", возможна потеря данных
          with
          [
              TReal=float
          ]
C:\Users\Оксана\Desktop\с++\33\packages\Assimp.3.0.0\build\native\include\assimp\quaternion.inl(209,61): warning C4244: =: преобразование "double" в "TReal", возможна потеря данных
          with
          [
              TReal=float
          ]
C:\Users\Оксана\Desktop\с++\33\packages\Assimp.3.0.0\build\native\include\assimp\quaternion.inl(210,33): warning C4244: =: преобразование "double" в "TReal", возможна потеря данных
          with
          [
              TReal=float
          ]
C:\Users\Оксана\Desktop\с++\33\packages\Assimp.3.0.0\build\native\include\assimp\vector3.inl(93,13): warning C4244: return: преобразование "double" в "TReal", возможна потеря данных
          with
          [
              TReal=float
          ]
C:\Users\Оксана\Desktop\с++\33\packages\Assimp.3.0.0\build\native\include\assimp\vector3.inl(92,57): message : во время компиляции функции-члена класс шаблон "TReal aiVector3t<TReal>::Length(void) const"
          with
          [
              TReal=float
          ]
C:\Users\Оксана\Desktop\с++\33\packages\Assimp.3.0.0\build\native\include\assimp\vector3.inl(98,8): message : выполняется компиляция ссылки на экземпляр шаблон функции "TReal aiVector3t<TReal>::Length(void) const"
          with
          [
              TReal=float
          ]
C:\Users\Оксана\Desktop\с++\33\packages\Assimp.3.0.0\build\native\include\assimp\vector3.inl(142,91): message : во время компиляции функции-члена класс шаблон "bool aiVector3t<float>::operator ==(const aiVector3t<float> &) const"
C:\Users\Оксана\Desktop\с++\33\packages\Assimp.3.0.0\build\native\include\assimp\anim.h(82,3): message : выполняется компиляция ссылки на экземпляр шаблон функции "bool aiVector3t<float>::operator ==(const aiVector3t<float> &) const"
C:\Users\Оксана\Desktop\с++\33\packages\Assimp.3.0.0\build\native\include\assimp\types.h(150,22): message : выполняется компиляция ссылки на экземпляр класс шаблон функции "aiVector3t<float>"
  lighting_technique.cpp
C:\Users\Оксана\Desktop\с++\33\Technique.h(79,1): warning C4267: =: преобразование из "size_t" в "GLint"; возможна потеря данных
  math_3d.cpp
  texture.cpp
  Создание кода...
  33.vcxproj -> C:\Users\Оксана\Desktop\с++\33\x64\Debug\33.exe
